WhatsApp service disabled
WhatsApp service is disabled in settings
INFO 2025-08-05 07:06:53,816 whatsapp_service 8616 31004 WhatsApp service enabled with URL: https://api.fonnte.com/send
INFO 2025-08-05 07:06:53,818 whatsapp_service 8616 31004 API Token configured: xn1uCaCcu5...
INFO 2025-08-05 07:10:39,715 whatsapp_service 43416 53224 WhatsApp service enabled with URL: https://api.fonnte.com/send
INFO 2025-08-05 07:10:39,715 whatsapp_service 43416 53224 API Token configured: xn1uCaCcu5...
INFO 2025-08-05 07:11:08,411 whatsapp_service 43416 30564 Sending WhatsApp to 6281367163919
INFO 2025-08-05 07:11:09,171 whatsapp_service 43416 30564 Response status: 200
INFO 2025-08-05 07:11:09,172 whatsapp_service 43416 30564 WhatsApp sent successfully to 6281367163919
INFO 2025-08-05 08:15:12,863 whatsapp_service 39624 51556 WhatsApp service enabled with URL: https://api.fonnte.com/send
INFO 2025-08-05 08:15:12,864 whatsapp_service 39624 51556 API Token configured: xn1uCaCcu5...
INFO 2025-08-05 08:15:37,763 whatsapp_service 39624 46836 Sending WhatsApp to 6281367163919
INFO 2025-08-05 08:15:39,326 whatsapp_service 39624 46836 Response status: 200
INFO 2025-08-05 08:15:39,327 whatsapp_service 39624 46836 WhatsApp sent successfully to 6281367163919
INFO 2025-08-05 08:17:20,262 whatsapp_service 15212 36144 WhatsApp service enabled with URL: https://api.fonnte.com/send
INFO 2025-08-05 08:17:20,263 whatsapp_service 15212 36144 API Token configured: xn1uCaCcu5...
INFO 2025-08-05 08:19:39,079 whatsapp_service 52596 16768 WhatsApp service enabled with URL: https://api.fonnte.com/send
INFO 2025-08-05 08:19:39,080 whatsapp_service 52596 16768 API Token configured: xn1uCaCcu5...
INFO 2025-08-05 08:20:14,153 whatsapp_service 51680 1852 WhatsApp service enabled with URL: https://api.fonnte.com/send
INFO 2025-08-05 08:20:14,154 whatsapp_service 51680 1852 API Token configured: xn1uCaCcu5...
INFO 2025-08-05 08:21:30,499 whatsapp_service 28360 47392 WhatsApp service enabled with URL: https://api.fonnte.com/send
INFO 2025-08-05 08:21:30,499 whatsapp_service 28360 47392 API Token configured: xn1uCaCcu5...
INFO 2025-08-05 08:22:23,113 whatsapp_service 47040 42992 WhatsApp service enabled with URL: https://api.fonnte.com/send
INFO 2025-08-05 08:22:23,114 whatsapp_service 47040 42992 API Token configured: xn1uCaCcu5...
INFO 2025-08-05 08:32:24,552 whatsapp_service 50544 28524 WhatsApp service enabled with URL: https://api.fonnte.com/send
INFO 2025-08-05 08:32:24,553 whatsapp_service 50544 28524 API Token configured: xn1uCaCcu5...
INFO 2025-08-05 08:33:33,195 whatsapp_service 49324 49696 WhatsApp service enabled with URL: https://api.fonnte.com/send
INFO 2025-08-05 08:33:33,196 whatsapp_service 49324 49696 API Token configured: xn1uCaCcu5...
INFO 2025-08-05 08:34:04,707 whatsapp_service 19968 30644 WhatsApp service enabled with URL: https://api.fonnte.com/send
INFO 2025-08-05 08:34:04,707 whatsapp_service 19968 30644 API Token configured: xn1uCaCcu5...
INFO 2025-08-05 08:35:19,294 whatsapp_service 18596 3720 WhatsApp service enabled with URL: https://api.fonnte.com/send
INFO 2025-08-05 08:35:19,294 whatsapp_service 18596 3720 API Token configured: xn1uCaCcu5...
INFO 2025-08-05 08:36:14,585 whatsapp_service 11156 45376 WhatsApp service enabled with URL: https://api.fonnte.com/send
INFO 2025-08-05 08:36:14,586 whatsapp_service 11156 45376 API Token configured: xn1uCaCcu5...
INFO 2025-08-05 08:38:56,745 whatsapp_service 46728 42292 WhatsApp service enabled with URL: https://api.fonnte.com/send
INFO 2025-08-05 08:38:56,751 whatsapp_service 46728 42292 API Token configured: xn1uCaCcu5...
INFO 2025-08-05 08:42:15,665 whatsapp_service 27408 52472 WhatsApp service enabled with URL: https://api.fonnte.com/send
INFO 2025-08-05 08:42:15,666 whatsapp_service 27408 52472 API Token configured: xn1uCaCcu5...
INFO 2025-08-05 08:42:50,163 whatsapp_service 52004 4588 WhatsApp service enabled with URL: https://api.fonnte.com/send
INFO 2025-08-05 08:42:50,164 whatsapp_service 52004 4588 API Token configured: xn1uCaCcu5...
INFO 2025-08-05 08:46:05,451 whatsapp_service 45892 47540 WhatsApp service enabled with URL: https://api.fonnte.com/send
INFO 2025-08-05 08:46:05,452 whatsapp_service 45892 47540 API Token configured: xn1uCaCcu5...
INFO 2025-08-05 08:46:21,497 whatsapp_service 42416 480 WhatsApp service enabled with URL: https://api.fonnte.com/send
INFO 2025-08-05 08:46:21,497 whatsapp_service 42416 480 API Token configured: xn1uCaCcu5...
INFO 2025-08-05 08:59:57,391 whatsapp_service 24988 5584 WhatsApp service enabled with URL: https://api.fonnte.com/send
INFO 2025-08-05 08:59:57,393 whatsapp_service 24988 5584 API Token configured: xn1uCaCcu5...
INFO 2025-08-05 09:02:18,801 whatsapp_service 43552 47944 WhatsApp service enabled with URL: https://api.fonnte.com/send
INFO 2025-08-05 09:02:18,801 whatsapp_service 43552 47944 API Token configured: xn1uCaCcu5...
INFO 2025-08-05 09:03:13,643 whatsapp_service 45728 27532 WhatsApp service enabled with URL: https://api.fonnte.com/send
INFO 2025-08-05 09:03:13,643 whatsapp_service 45728 27532 API Token configured: xn1uCaCcu5...
INFO 2025-08-05 09:03:16,845 whatsapp_service 30768 49616 WhatsApp service enabled with URL: https://api.fonnte.com/send
INFO 2025-08-05 09:03:16,846 whatsapp_service 30768 49616 API Token configured: xn1uCaCcu5...
<<<<<<< HEAD
INFO 2025-08-05 09:08:13,753 whatsapp_service 17296 17328 WhatsApp service enabled with URL: https://api.fonnte.com/send
INFO 2025-08-05 09:08:13,753 whatsapp_service 17296 17328 API Token configured: xn1uCaCcu5...
INFO 2025-08-05 09:08:45,735 whatsapp_service 15444 4296 WhatsApp service enabled with URL: https://api.fonnte.com/send
INFO 2025-08-05 09:08:45,735 whatsapp_service 15444 4296 API Token configured: xn1uCaCcu5...
INFO 2025-08-05 09:09:05,381 whatsapp_service 10164 10040 WhatsApp service enabled with URL: https://api.fonnte.com/send
INFO 2025-08-05 09:09:05,381 whatsapp_service 10164 10040 API Token configured: xn1uCaCcu5...
INFO 2025-08-05 09:10:06,885 whatsapp_service 9408 9288 WhatsApp service enabled with URL: https://api.fonnte.com/send
INFO 2025-08-05 09:10:06,900 whatsapp_service 9408 9288 API Token configured: xn1uCaCcu5...
INFO 2025-08-05 09:10:20,521 whatsapp_service 17848 17832 WhatsApp service enabled with URL: https://api.fonnte.com/send
INFO 2025-08-05 09:10:20,521 whatsapp_service 17848 17832 API Token configured: xn1uCaCcu5...
INFO 2025-08-05 09:10:23,933 whatsapp_service 12352 12380 WhatsApp service enabled with URL: https://api.fonnte.com/send
INFO 2025-08-05 09:10:23,933 whatsapp_service 12352 12380 API Token configured: xn1uCaCcu5...
INFO 2025-08-05 09:11:47,541 whatsapp_service 12352 7972 Sending WhatsApp to 628567890123
INFO 2025-08-05 09:11:49,108 whatsapp_service 12352 7972 Response status: 200
INFO 2025-08-05 09:11:49,108 whatsapp_service 12352 7972 WhatsApp sent successfully to 628567890123
INFO 2025-08-05 09:18:10,107 whatsapp_service 12352 3364 Sending WhatsApp to 628567890123
INFO 2025-08-05 09:18:11,631 whatsapp_service 12352 3364 Response status: 200
INFO 2025-08-05 09:18:11,632 whatsapp_service 12352 3364 WhatsApp sent successfully to 628567890123
INFO 2025-08-05 10:39:47,892 whatsapp_service 15652 17680 WhatsApp service enabled with URL: https://api.fonnte.com/send
INFO 2025-08-05 10:39:47,892 whatsapp_service 15652 17680 API Token configured: saJk4PWovX...
INFO 2025-08-05 10:40:32,741 whatsapp_service 15652 776 Sending WhatsApp to 6282339364405
INFO 2025-08-05 10:40:35,493 whatsapp_service 15652 776 Response status: 200
INFO 2025-08-05 10:40:35,495 whatsapp_service 15652 776 WhatsApp sent successfully to 6282339364405
INFO 2025-08-05 11:09:46,317 whatsapp_service 15652 4044 Sending WhatsApp to 6281361101333
INFO 2025-08-05 11:09:47,966 whatsapp_service 15652 4044 Response status: 200
INFO 2025-08-05 11:09:47,968 whatsapp_service 15652 4044 WhatsApp sent successfully to 6281361101333
INFO 2025-08-06 07:42:27,673 whatsapp_service 13180 10780 WhatsApp service enabled with URL: https://api.fonnte.com/send
INFO 2025-08-06 07:42:27,673 whatsapp_service 13180 10780 API Token configured: saJk4PWovX...
INFO 2025-08-07 07:27:31,183 whatsapp_service 17104 17108 WhatsApp service enabled with URL: https://api.fonnte.com/send
INFO 2025-08-07 07:27:31,199 whatsapp_service 17104 17108 API Token configured: saJk4PWovX...
INFO 2025-08-08 08:08:44,139 whatsapp_service 16308 16280 WhatsApp service enabled with URL: https://api.fonnte.com/send
INFO 2025-08-08 08:08:44,139 whatsapp_service 16308 16280 API Token configured: saJk4PWovX...
INFO 2025-08-08 15:37:28,008 whatsapp_service 16308 5400 Sending WhatsApp to 6281361101333
INFO 2025-08-08 15:37:29,283 whatsapp_service 16308 5400 Response status: 200
INFO 2025-08-08 15:37:29,283 whatsapp_service 16308 5400 WhatsApp sent successfully to 6281361101333
=======
INFO 2025-08-05 10:34:03,383 whatsapp_service 47208 41016 WhatsApp service enabled with URL: https://api.fonnte.com/send
INFO 2025-08-05 10:34:03,383 whatsapp_service 47208 41016 API Token configured: xn1uCaCcu5...
INFO 2025-08-09 17:03:51,977 whatsapp_service 35108 22712 WhatsApp service enabled with URL: https://api.fonnte.com/send
INFO 2025-08-09 17:03:51,978 whatsapp_service 35108 22712 API Token configured: xn1uCaCcu5...
INFO 2025-08-09 17:07:21,779 whatsapp_service 35160 24392 WhatsApp service enabled with URL: https://api.fonnte.com/send
INFO 2025-08-09 17:07:21,779 whatsapp_service 35160 24392 API Token configured: xn1uCaCcu5...
INFO 2025-08-09 17:09:50,988 whatsapp_service 19484 14960 WhatsApp service enabled with URL: https://api.fonnte.com/send
INFO 2025-08-09 17:09:51,018 whatsapp_service 19484 14960 API Token configured: xn1uCaCcu5...
INFO 2025-08-09 17:12:13,091 whatsapp_service 25556 27372 WhatsApp service enabled with URL: https://api.fonnte.com/send
INFO 2025-08-09 17:12:13,091 whatsapp_service 25556 27372 API Token configured: xn1uCaCcu5...
INFO 2025-08-09 17:17:09,799 whatsapp_service 28724 14676 WhatsApp service enabled with URL: https://api.fonnte.com/send
INFO 2025-08-09 17:17:09,800 whatsapp_service 28724 14676 API Token configured: xn1uCaCcu5...
INFO 2025-08-09 17:17:17,719 whatsapp_service 9820 26012 WhatsApp service enabled with URL: https://api.fonnte.com/send
INFO 2025-08-09 17:17:17,719 whatsapp_service 9820 26012 API Token configured: xn1uCaCcu5...
INFO 2025-08-09 17:18:13,462 whatsapp_service 300 27216 WhatsApp service enabled with URL: https://api.fonnte.com/send
INFO 2025-08-09 17:18:13,463 whatsapp_service 300 27216 API Token configured: xn1uCaCcu5...
INFO 2025-08-09 17:19:04,351 whatsapp_service 20932 20852 WhatsApp service enabled with URL: https://api.fonnte.com/send
INFO 2025-08-09 17:19:04,352 whatsapp_service 20932 20852 API Token configured: xn1uCaCcu5...
INFO 2025-08-09 17:20:04,381 whatsapp_service 16784 29684 WhatsApp service enabled with URL: https://api.fonnte.com/send
INFO 2025-08-09 17:20:04,381 whatsapp_service 16784 29684 API Token configured: xn1uCaCcu5...
INFO 2025-08-09 17:20:08,641 whatsapp_service 16736 24572 WhatsApp service enabled with URL: https://api.fonnte.com/send
INFO 2025-08-09 17:20:08,642 whatsapp_service 16736 24572 API Token configured: xn1uCaCcu5...
INFO 2025-08-09 17:21:23,171 whatsapp_service 17236 36488 WhatsApp service enabled with URL: https://api.fonnte.com/send
INFO 2025-08-09 17:21:23,172 whatsapp_service 17236 36488 API Token configured: xn1uCaCcu5...
INFO 2025-08-09 17:35:57,906 whatsapp_service 22444 24360 WhatsApp service enabled with URL: https://api.fonnte.com/send
INFO 2025-08-09 17:35:57,907 whatsapp_service 22444 24360 API Token configured: xn1uCaCcu5...
INFO 2025-08-09 17:38:19,862 whatsapp_service 19596 36136 WhatsApp service enabled with URL: https://api.fonnte.com/send
INFO 2025-08-09 17:38:19,863 whatsapp_service 19596 36136 API Token configured: xn1uCaCcu5...
INFO 2025-08-09 17:40:13,133 whatsapp_service 1996 35208 WhatsApp service enabled with URL: https://api.fonnte.com/send
INFO 2025-08-09 17:40:13,134 whatsapp_service 1996 35208 API Token configured: xn1uCaCcu5...
>>>>>>> ae451c87cfb0ac18b6273f9aa0daa2668a77ee3b
INFO 2025-08-09 17:51:34,878 whatsapp_service 4664 9960 WhatsApp service enabled with URL: https://api.fonnte.com/send
INFO 2025-08-09 17:51:34,878 whatsapp_service 4664 9960 API Token configured: saJk4PWovX...
INFO 2025-08-09 17:51:49,080 whatsapp_service 5680 8008 WhatsApp service enabled with URL: https://api.fonnte.com/send
INFO 2025-08-09 17:51:49,080 whatsapp_service 5680 8008 API Token configured: saJk4PWovX...
INFO 2025-08-09 17:51:57,625 whatsapp_service 12656 2860 WhatsApp service enabled with URL: https://api.fonnte.com/send
INFO 2025-08-09 17:51:57,625 whatsapp_service 12656 2860 API Token configured: saJk4PWovX...
INFO 2025-08-09 18:18:49,794 whatsapp_service 4936 20936 WhatsApp service enabled with URL: https://api.fonnte.com/send
INFO 2025-08-09 18:18:49,795 whatsapp_service 4936 20936 API Token configured: saJk4PWovX...
INFO 2025-08-09 18:20:17,806 whatsapp_service 5628 23200 WhatsApp service enabled with URL: https://api.fonnte.com/send
INFO 2025-08-09 18:20:17,806 whatsapp_service 5628 23200 API Token configured: saJk4PWovX...
INFO 2025-08-09 18:20:30,029 whatsapp_service 18612 15348 WhatsApp service enabled with URL: https://api.fonnte.com/send
INFO 2025-08-09 18:20:30,030 whatsapp_service 18612 15348 API Token configured: saJk4PWovX...
INFO 2025-08-09 19:08:19,927 whatsapp_service 36848 32824 WhatsApp service enabled with URL: https://api.fonnte.com/send
INFO 2025-08-09 19:08:19,929 whatsapp_service 36848 32824 API Token configured: saJk4PWovX...
INFO 2025-08-09 20:42:19,125 whatsapp_service 26032 27040 WhatsApp service enabled with URL: https://api.fonnte.com/send
INFO 2025-08-09 20:42:19,126 whatsapp_service 26032 27040 API Token configured: saJk4PWovX...
INFO 2025-08-09 21:11:06,542 whatsapp_service 6516 25340 WhatsApp service enabled with URL: https://api.fonnte.com/send
INFO 2025-08-09 21:11:06,543 whatsapp_service 6516 25340 API Token configured: saJk4PWovX...
INFO 2025-08-09 23:09:01,493 whatsapp_service 38684 26412 WhatsApp service enabled with URL: https://api.fonnte.com/send
INFO 2025-08-09 23:09:01,494 whatsapp_service 38684 26412 API Token configured: saJk4PWovX...
INFO 2025-08-10 03:13:14,545 whatsapp_service 39412 26496 WhatsApp service enabled with URL: https://api.fonnte.com/send
INFO 2025-08-10 03:13:14,546 whatsapp_service 39412 26496 API Token configured: saJk4PWovX...
INFO 2025-08-10 03:48:04,326 whatsapp_service 29048 19200 WhatsApp service enabled with URL: https://api.fonnte.com/send
INFO 2025-08-10 03:48:04,327 whatsapp_service 29048 19200 API Token configured: saJk4PWovX...
INFO 2025-08-10 03:49:05,676 whatsapp_service 1280 37980 WhatsApp service enabled with URL: https://api.fonnte.com/send
INFO 2025-08-10 03:49:05,676 whatsapp_service 1280 37980 API Token configured: saJk4PWovX...
INFO 2025-08-10 03:49:23,934 whatsapp_service 18748 29784 WhatsApp service enabled with URL: https://api.fonnte.com/send
INFO 2025-08-10 03:49:23,934 whatsapp_service 18748 29784 API Token configured: saJk4PWovX...
INFO 2025-08-10 06:31:29,507 whatsapp_service 18748 39300 Sending WhatsApp to 6282339364405
INFO 2025-08-10 06:31:30,410 whatsapp_service 18748 39300 Response status: 200
INFO 2025-08-10 06:31:30,411 whatsapp_service 18748 39300 WhatsApp sent successfully to 6282339364405
INFO 2025-08-10 11:17:03,927 whatsapp_service 42908 36652 WhatsApp service enabled with URL: https://api.fonnte.com/send
INFO 2025-08-10 11:17:03,927 whatsapp_service 42908 36652 API Token configured: saJk4PWovX...
INFO 2025-08-10 16:05:44,754 whatsapp_service 26564 11076 WhatsApp service enabled with URL: https://api.fonnte.com/send
INFO 2025-08-10 16:05:44,755 whatsapp_service 26564 11076 API Token configured: saJk4PWovX...
INFO 2025-08-10 16:05:55,950 whatsapp_service 23676 26580 WhatsApp service enabled with URL: https://api.fonnte.com/send
INFO 2025-08-10 16:05:55,950 whatsapp_service 23676 26580 API Token configured: saJk4PWovX...
INFO 2025-08-10 16:09:49,316 whatsapp_service 37980 1848 WhatsApp service enabled with URL: https://api.fonnte.com/send
INFO 2025-08-10 16:09:49,317 whatsapp_service 37980 1848 API Token configured: saJk4PWovX...
INFO 2025-08-10 16:40:44,213 whatsapp_service 25340 14880 WhatsApp service enabled with URL: https://api.fonnte.com/send
INFO 2025-08-10 16:40:44,215 whatsapp_service 25340 14880 API Token configured: saJk4PWovX...
INFO 2025-08-10 16:41:44,198 whatsapp_service 30172 42048 WhatsApp service enabled with URL: https://api.fonnte.com/send
INFO 2025-08-10 16:41:44,198 whatsapp_service 30172 42048 API Token configured: saJk4PWovX...
INFO 2025-08-10 16:43:22,755 whatsapp_service 20220 22460 WhatsApp service enabled with URL: https://api.fonnte.com/send
INFO 2025-08-10 16:43:22,755 whatsapp_service 20220 22460 API Token configured: saJk4PWovX...
INFO 2025-08-10 17:26:48,012 whatsapp_service 45092 31416 WhatsApp service enabled with URL: https://api.fonnte.com/send
INFO 2025-08-10 17:26:48,012 whatsapp_service 45092 31416 API Token configured: saJk4PWovX...
INFO 2025-08-10 17:34:22,972 whatsapp_service 27376 23152 WhatsApp service enabled with URL: https://api.fonnte.com/send
INFO 2025-08-10 17:34:22,973 whatsapp_service 27376 23152 API Token configured: saJk4PWovX...
INFO 2025-08-10 18:25:22,581 whatsapp_service 16380 9464 WhatsApp service enabled with URL: https://api.fonnte.com/send
INFO 2025-08-10 18:25:22,581 whatsapp_service 16380 9464 API Token configured: saJk4PWovX...
INFO 2025-08-11 07:28:47,459 whatsapp_service 16080 16084 WhatsApp service enabled with URL: https://api.fonnte.com/send
INFO 2025-08-11 07:28:47,459 whatsapp_service 16080 16084 API Token configured: saJk4PWovX...
INFO 2025-08-11 09:21:05,530 whatsapp_service 896 6736 WhatsApp service enabled with URL: https://api.fonnte.com/send
INFO 2025-08-11 09:21:05,531 whatsapp_service 896 6736 API Token configured: saJk4PWovX...
INFO 2025-08-11 10:40:49,385 whatsapp_service 2184 15364 WhatsApp service enabled with URL: https://api.fonnte.com/send
INFO 2025-08-11 10:40:49,402 whatsapp_service 2184 15364 API Token configured: saJk4PWovX...
INFO 2025-08-11 16:49:39,115 whatsapp_service 1228 11104 WhatsApp service enabled with URL: https://api.fonnte.com/send
INFO 2025-08-11 16:49:39,115 whatsapp_service 1228 11104 API Token configured: saJk4PWovX...
INFO 2025-08-11 17:01:48,593 whatsapp_service 5648 1708 WhatsApp service enabled with URL: https://api.fonnte.com/send
INFO 2025-08-11 17:01:48,594 whatsapp_service 5648 1708 API Token configured: saJk4PWovX...
INFO 2025-08-12 07:36:33,683 whatsapp_service 10376 11764 WhatsApp service enabled with URL: https://api.fonnte.com/send
INFO 2025-08-12 07:36:33,683 whatsapp_service 10376 11764 API Token configured: saJk4PWovX...
INFO 2025-08-12 11:25:59,006 whatsapp_service 10376 3544 Sending WhatsApp to 6282277038796
INFO 2025-08-12 11:26:01,011 whatsapp_service 10376 3544 Response status: 200
INFO 2025-08-12 11:26:01,011 whatsapp_service 10376 3544 WhatsApp sent successfully to 6282277038796
INFO 2025-08-13 07:24:04,970 whatsapp_service 15612 1648 WhatsApp service enabled with URL: https://api.fonnte.com/send
INFO 2025-08-13 07:24:04,980 whatsapp_service 15612 1648 API Token configured: saJk4PWovX...
INFO 2025-08-13 15:45:08,051 whatsapp_service 15612 9264 Sending WhatsApp to 6281260548693
INFO 2025-08-13 15:45:10,841 whatsapp_service 15612 9264 Response status: 200
INFO 2025-08-13 15:45:10,841 whatsapp_service 15612 9264 WhatsApp sent successfully to 6281260548693
INFO 2025-08-14 07:24:45,061 whatsapp_service 17340 17336 WhatsApp service enabled with URL: https://api.fonnte.com/send
INFO 2025-08-14 07:24:45,061 whatsapp_service 17340 17336 API Token configured: saJk4PWovX...
INFO 2025-08-14 08:51:21,981 whatsapp_service 17340 3876 Sending WhatsApp to 6281361101333
INFO 2025-08-14 08:51:24,751 whatsapp_service 17340 3876 Response status: 200
INFO 2025-08-14 08:51:24,751 whatsapp_service 17340 3876 WhatsApp sent successfully to 6281361101333
INFO 2025-08-14 08:54:35,417 whatsapp_service 17340 16680 Sending WhatsApp to 6281361101333
INFO 2025-08-14 08:54:37,578 whatsapp_service 17340 16680 Response status: 200
INFO 2025-08-14 08:54:37,579 whatsapp_service 17340 16680 WhatsApp sent successfully to 6281361101333
INFO 2025-08-15 07:30:17,947 whatsapp_service 15632 15332 WhatsApp service enabled with URL: https://api.fonnte.com/send
INFO 2025-08-15 07:30:17,956 whatsapp_service 15632 15332 API Token configured: saJk4PWovX...
INFO 2025-08-19 06:07:01,548 whatsapp_service 16712 16724 WhatsApp service enabled with URL: https://api.fonnte.com/send
INFO 2025-08-19 06:07:01,553 whatsapp_service 16712 16724 API Token configured: saJk4PWovX...
INFO 2025-08-21 07:46:33,792 whatsapp_service 15796 5748 WhatsApp service enabled with URL: https://api.fonnte.com/send
INFO 2025-08-21 07:46:33,806 whatsapp_service 15796 5748 API Token configured: saJk4PWovX...
INFO 2025-08-21 16:39:58,292 whatsapp_service 11500 4740 WhatsApp service enabled with URL: https://api.fonnte.com/send
INFO 2025-08-21 16:39:58,296 whatsapp_service 11500 4740 API Token configured: saJk4PWovX...
INFO 2025-08-22 09:10:50,134 whatsapp_service 7896 6084 WhatsApp service enabled with URL: https://api.fonnte.com/send
INFO 2025-08-22 09:10:50,134 whatsapp_service 7896 6084 API Token configured: saJk4PWovX...
INFO 2025-08-22 15:53:40,367 whatsapp_service 7896 1472 Sending WhatsApp to 6285206279070
INFO 2025-08-22 15:53:44,571 whatsapp_service 7896 1472 Response status: 200
INFO 2025-08-22 15:53:44,571 whatsapp_service 7896 1472 WhatsApp sent successfully to 6285206279070
INFO 2025-08-25 10:38:43,169 whatsapp_service 13848 5976 WhatsApp service enabled with URL: https://api.fonnte.com/send
INFO 2025-08-25 10:38:43,169 whatsapp_service 13848 5976 API Token configured: saJk4PWovX...
INFO 2025-08-25 11:18:42,009 whatsapp_service 13848 15960 Sending WhatsApp to 6281397115281
INFO 2025-08-25 11:18:44,441 whatsapp_service 13848 15960 Response status: 200
INFO 2025-08-25 11:18:44,441 whatsapp_service 13848 15960 WhatsApp sent successfully to 6281397115281
INFO 2025-08-26 06:44:49,147 whatsapp_service 12180 12176 WhatsApp service enabled with URL: https://api.fonnte.com/send
INFO 2025-08-26 06:44:49,147 whatsapp_service 12180 12176 API Token configured: saJk4PWovX...
INFO 2025-08-26 10:52:06,808 whatsapp_service 12180 14872 Sending WhatsApp to 6281397115281
INFO 2025-08-26 10:52:08,730 whatsapp_service 12180 14872 Response status: 200
INFO 2025-08-26 10:52:08,730 whatsapp_service 12180 14872 WhatsApp sent successfully to 6281397115281
INFO 2025-08-27 08:35:15,927 whatsapp_service 16896 10512 WhatsApp service enabled with URL: https://api.fonnte.com/send
INFO 2025-08-27 08:35:15,940 whatsapp_service 16896 10512 API Token configured: saJk4PWovX...
INFO 2025-08-28 11:11:49,394 whatsapp_service 15228 15292 WhatsApp service enabled with URL: https://api.fonnte.com/send
INFO 2025-08-28 11:11:49,395 whatsapp_service 15228 15292 API Token configured: saJk4PWovX...
INFO 2025-08-28 11:19:05,153 whatsapp_service 15228 10356 Sending WhatsApp to 6282166174086
INFO 2025-08-28 11:19:07,819 whatsapp_service 15228 10356 Response status: 200
INFO 2025-08-28 11:19:07,820 whatsapp_service 15228 10356 WhatsApp sent successfully to 6282166174086
INFO 2025-08-29 09:35:45,426 whatsapp_service 16768 16776 WhatsApp service enabled with URL: https://api.fonnte.com/send
INFO 2025-08-29 09:35:45,426 whatsapp_service 16768 16776 API Token configured: saJk4PWovX...
INFO 2025-09-01 10:49:57,635 whatsapp_service 864 16496 WhatsApp service enabled with URL: https://api.fonnte.com/send
INFO 2025-09-01 10:49:57,645 whatsapp_service 864 16496 API Token configured: saJk4PWovX...
INFO 2025-09-04 07:09:31,352 whatsapp_service 16124 1480 WhatsApp service enabled with URL: https://api.fonnte.com/send
INFO 2025-09-04 07:09:31,352 whatsapp_service 16124 1480 API Token configured: saJk4PWovX...
INFO 2025-09-08 12:02:27,419 whatsapp_service 17288 17292 WhatsApp service enabled with URL: https://api.fonnte.com/send
INFO 2025-09-08 12:02:27,432 whatsapp_service 17288 17292 API Token configured: saJk4PWovX...
INFO 2025-09-08 12:06:40,020 whatsapp_service 17288 12072 Sending WhatsApp to 6281361101333
INFO 2025-09-08 12:06:41,937 whatsapp_service 17288 12072 Response status: 200
INFO 2025-09-08 12:06:41,937 whatsapp_service 17288 12072 WhatsApp sent successfully to 6281361101333
INFO 2025-09-09 08:57:49,042 whatsapp_service 16964 16968 WhatsApp service enabled with URL: https://api.fonnte.com/send
INFO 2025-09-09 08:57:49,052 whatsapp_service 16964 16968 API Token configured: saJk4PWovX...
INFO 2025-09-10 08:28:24,563 whatsapp_service 14136 14108 WhatsApp service enabled with URL: https://api.fonnte.com/send
INFO 2025-09-10 08:28:24,564 whatsapp_service 14136 14108 API Token configured: saJk4PWovX...
INFO 2025-09-10 08:34:06,512 whatsapp_service 14136 3292 Sending WhatsApp to 6281361101333
INFO 2025-09-10 08:34:07,428 whatsapp_service 14136 3292 Response status: 200
INFO 2025-09-10 08:34:07,428 whatsapp_service 14136 3292 WhatsApp sent successfully to 6281361101333
INFO 2025-09-10 10:30:55,533 whatsapp_service 14136 2116 Sending WhatsApp to 6281260548693
INFO 2025-09-10 10:30:56,400 whatsapp_service 14136 2116 Response status: 200
INFO 2025-09-10 10:30:56,400 whatsapp_service 14136 2116 WhatsApp sent successfully to 6281260548693
INFO 2025-09-10 11:16:14,566 whatsapp_service 14136 13144 Sending WhatsApp to 6281260548693
INFO 2025-09-10 11:16:15,334 whatsapp_service 14136 13144 Response status: 200
INFO 2025-09-10 11:16:15,334 whatsapp_service 14136 13144 WhatsApp sent successfully to 6281260548693
INFO 2025-09-11 15:42:44,475 whatsapp_service 5636 14292 WhatsApp service enabled with URL: https://api.fonnte.com/send
INFO 2025-09-11 15:42:44,476 whatsapp_service 5636 14292 API Token configured: saJk4PWovX...
INFO 2025-09-11 15:50:43,339 whatsapp_service 5636 1996 Sending WhatsApp to 6281260548693
INFO 2025-09-11 15:50:44,750 whatsapp_service 5636 1996 Response status: 200
INFO 2025-09-11 15:50:44,750 whatsapp_service 5636 1996 WhatsApp sent successfully to 6281260548693
INFO 2025-09-12 09:37:35,389 whatsapp_service 14484 14472 WhatsApp service enabled with URL: https://api.fonnte.com/send
INFO 2025-09-12 09:37:35,405 whatsapp_service 14484 14472 API Token configured: saJk4PWovX...
INFO 2025-09-15 11:12:35,049 whatsapp_service 15504 7876 WhatsApp service enabled with URL: https://api.fonnte.com/send
INFO 2025-09-15 11:12:35,060 whatsapp_service 15504 7876 API Token configured: saJk4PWovX...
INFO 2025-09-15 11:33:58,961 whatsapp_service 12832 16076 WhatsApp service enabled with URL: https://api.fonnte.com/send
INFO 2025-09-15 11:33:58,962 whatsapp_service 12832 16076 API Token configured: saJk4PWovX...
INFO 2025-09-15 11:38:21,157 whatsapp_service 12832 16568 Sending WhatsApp to 6281260548693
INFO 2025-09-15 11:38:22,424 whatsapp_service 12832 16568 Response status: 200
INFO 2025-09-15 11:38:22,424 whatsapp_service 12832 16568 WhatsApp sent successfully to 6281260548693
INFO 2025-09-15 15:01:02,342 whatsapp_service 12832 14636 Sending WhatsApp to 6285359078713
INFO 2025-09-15 15:01:04,698 whatsapp_service 12832 14636 Response status: 200
INFO 2025-09-15 15:01:04,698 whatsapp_service 12832 14636 WhatsApp sent successfully to 6285359078713
INFO 2025-09-16 10:30:46,972 whatsapp_service 12832 5140 Sending WhatsApp to 6285206279070
INFO 2025-09-16 10:30:47,823 whatsapp_service 12832 5140 Response status: 200
INFO 2025-09-16 10:30:47,823 whatsapp_service 12832 5140 WhatsApp sent successfully to 6285206279070
INFO 2025-09-17 07:34:51,872 whatsapp_service 17812 13964 WhatsApp service enabled with URL: https://api.fonnte.com/send
INFO 2025-09-17 07:34:51,890 whatsapp_service 17812 13964 API Token configured: saJk4PWovX...
INFO 2025-09-18 07:31:59,416 whatsapp_service 5008 6492 WhatsApp service enabled with URL: https://api.fonnte.com/send
INFO 2025-09-18 07:31:59,416 whatsapp_service 5008 6492 API Token configured: saJk4PWovX...
INFO 2025-09-19 09:32:06,623 whatsapp_service 18304 18312 WhatsApp service enabled with URL: https://api.fonnte.com/send
INFO 2025-09-19 09:32:06,623 whatsapp_service 18304 18312 API Token configured: saJk4PWovX...
